<?xml version="1.0" encoding="UTF-8"?>
<!-- Generated by org.testng.reporters.JUnitXMLReporter -->
<testsuite hostname="DESKTOP-664NG91" name="Default tests" tests="3" failures="0" timestamp="31 Oct 2016 18:31:32 GMT" time="28.85" errors="0">
  <testcase name="loginPositive" time="0.897" classname="com.manahealth.sv.ui.tests.testcases.tests.app.LoginTest"/>
  <testcase name="loginWrongCreds" time="0.476" classname="com.manahealth.sv.ui.tests.testcases.tests.app.LoginTest"/>
  <testcase name="loginWrongCreds" time="0.432" classname="com.manahealth.sv.ui.tests.testcases.tests.app.LoginTest"/>
</testsuite> <!-- Default tests -->
