<?xml version="1.0" encoding="UTF-8"?>
<!-- Generated by org.testng.reporters.JUnitXMLReporter -->
<testsuite hostname="DESKTOP-664NG91" name="Default test" tests="3" failures="0" timestamp="31 Oct 2016 15:59:55 GMT" time="50.055" errors="0">
  <testcase name="loginPositive" time="9.977" classname="com.manahealth.sv.ui.tests.testcases.tests.app.LoginTest"/>
  <testcase name="loginWrongCreds" time="10.321" classname="com.manahealth.sv.ui.tests.testcases.tests.app.LoginTest"/>
  <testcase name="loginWrongCreds" time="21.947" classname="com.manahealth.sv.ui.tests.testcases.tests.app.LoginTest"/>
</testsuite> <!-- Default test -->
